# JRE version: Java(TM) SE Runtime Environment (8.0_221-b11) (build 1.8.0_221-b11)
# Java VM: Java HotSpot(TM) 64-Bit Server VM (25.221-b11 mixed mode windows-amd64 compressed oops)
Heap:
 PSYoungGen      total 927744K, used 464384K [0x000000076b180000, 0x00000007c0000000, 0x00000007c0000000)
  eden space 464384K, 100% used [0x000000076b180000,0x0000000787700000,0x0000000787700000)
  from space 463360K, 0% used [0x00000007a3b80000,0x00000007a3b80000,0x00000007c0000000)
  to   space 463360K, 0% used [0x0000000787700000,0x0000000787700000,0x00000007a3b80000)
 ParOldGen       total 2782720K, used 2782677K [0x00000006c1400000, 0x000000076b180000, 0x000000076b180000)
  object space 2782720K, 99% used [0x00000006c1400000,0x000000076b175758,0x000000076b180000)
 Metaspace       used 9628K, capacity 9820K, committed 9984K, reserved 1058816K
  class space    used 1132K, capacity 1222K, committed 1280K, reserved 1048576K
GC Heap History (10 events):
Event: 35.687 GC heap after
Heap after GC invocations=112 (full 6):
 PSYoungGen      total 927744K, used 349184K [0x000000076b180000, 0x00000007c0000000, 0x00000007c0000000)
  eden space 464384K, 0% used [0x000000076b180000,0x000000076b180000,0x0000000787700000)
  from space 463360K, 75% used [0x00000007a3b80000,0x00000007b9080000,0x00000007c0000000)
  to   space 463360K, 0% used [0x0000000787700000,0x0000000787700000,0x00000007a3b80000)
 ParOldGen       total 2580992K, used 2579881K [0x00000006c1400000, 0x000000075ec80000, 0x000000076b180000)
  object space 2580992K, 99% used [0x00000006c1400000,0x000000075eb6a680,0x000000075ec80000)
 Metaspace       used 9628K, capacity 9820K, committed 9984K, reserved 1058816K
  class space    used 1132K, capacity 1222K, committed 1280K, reserved 1048576K
}
Event: 35.687 GC heap before
{Heap before GC invocations=113 (full 7):
 PSYoungGen      total 927744K, used 349184K [0x000000076b180000, 0x00000007c0000000, 0x00000007c0000000)
  eden space 464384K, 0% used [0x000000076b180000,0x000000076b180000,0x0000000787700000)
  from space 463360K, 75% used [0x00000007a3b80000,0x00000007b9080000,0x00000007c0000000)
  to   space 463360K, 0% used [0x0000000787700000,0x0000000787700000,0x00000007a3b80000)
 ParOldGen       total 2580992K, used 2579881K [0x00000006c1400000, 0x000000075ec80000, 0x000000076b180000)
  object space 2580992K, 99% used [0x00000006c1400000,0x000000075eb6a680,0x000000075ec80000)
 Metaspace       used 9628K, capacity 9820K, committed 9984K, reserved 1058816K
  class space    used 1132K, capacity 1222K, committed 1280K, reserved 1048576K
Event: 36.867 GC heap after
Heap after GC invocations=113 (full 7):
 PSYoungGen      total 927744K, used 295902K [0x000000076b180000, 0x00000007c0000000, 0x00000007c0000000)
  eden space 464384K, 0% used [0x000000076b180000,0x000000076b180000,0x0000000787700000)
  from space 463360K, 63% used [0x00000007a3b80000,0x00000007b5c77bd8,0x00000007c0000000)
  to   space 463360K, 0% used [0x0000000787700000,0x0000000787700000,0x00000007a3b80000)
 ParOldGen       total 2782720K, used 2580744K [0x00000006c1400000, 0x000000076b180000, 0x000000076b180000)
  object space 2782720K, 92% used [0x00000006c1400000,0x000000075ec42200,0x000000076b180000)
 Metaspace       used 9628K, capacity 9820K, committed 9984K, reserved 1058816K
  class space    used 1132K, capacity 1222K, committed 1280K, reserved 1048576K
}
Event: 36.957 GC heap before
{Heap before GC invocations=114 (full 8):
 PSYoungGen      total 927744K, used 760286K [0x000000076b180000, 0x00000007c0000000, 0x00000007c0000000)
  eden space 464384K, 100% used [0x000000076b180000,0x0000000787700000,0x0000000787700000)
  from space 463360K, 63% used [0x00000007a3b80000,0x00000007b5c77bd8,0x00000007c0000000)
  to   space 463360K, 0% used [0x0000000787700000,0x0000000787700000,0x00000007a3b80000)
 ParOldGen       total 2782720K, used 2580744K [0x00000006c1400000, 0x000000076b180000, 0x000000076b180000)
  object space 2782720K, 92% used [0x00000006c1400000,0x000000075ec42200,0x000000076b180000)
 Metaspace       used 9628K, capacity 9820K, committed 9984K, reserved 1058816K
  class space    used 1132K, capacity 1222K, committed 1280K, reserved 1048576K
Event: 37.852 GC heap after
Heap after GC invocations=114 (full 8):
 PSYoungGen      total 927744K, used 210910K [0x000000076b180000, 0x00000007c0000000, 0x00000007c0000000)
  eden space 464384K, 0% used [0x000000076b180000,0x000000076b180000,0x0000000787700000)
  from space 463360K, 45% used [0x00000007a3b80000,0x00000007b0977948,0x00000007c0000000)
  to   space 463360K, 0% used [0x0000000787700000,0x0000000787700000,0x00000007a3b80000)
 ParOldGen       total 2782720K, used 2782422K [0x00000006c1400000, 0x000000076b180000, 0x000000076b180000)
  object space 2782720K, 99% used [0x00000006c1400000,0x000000076b135980,0x000000076b180000)
 Metaspace       used 9628K, capacity 9820K, committed 9984K, reserved 1058816K
  class space    used 1132K, capacity 1222K, committed 1280K, reserved 1048576K
}
Event: 37.941 GC heap before
{Heap before GC invocations=115 (full 9):
 PSYoungGen      total 927744K, used 675294K [0x000000076b180000, 0x00000007c0000000, 0x00000007c0000000)
  eden space 464384K, 100% used [0x000000076b180000,0x0000000787700000,0x0000000787700000)
  from space 463360K, 45% used [0x00000007a3b80000,0x00000007b0977948,0x00000007c0000000)
  to   space 463360K, 0% used [0x0000000787700000,0x0000000787700000,0x00000007a3b80000)
 ParOldGen       total 2782720K, used 2782422K [0x00000006c1400000, 0x000000076b180000, 0x000000076b180000)
  object space 2782720K, 99% used [0x00000006c1400000,0x000000076b135980,0x000000076b180000)
 Metaspace       used 9628K, capacity 9820K, committed 9984K, reserved 1058816K
  class space    used 1132K, capacity 1222K, committed 1280K, reserved 1048576K
Event: 38.811 GC heap after
Heap after GC invocations=115 (full 9):
 PSYoungGen      total 927744K, used 327324K [0x000000076b180000, 0x00000007c0000000, 0x00000007c0000000)
  eden space 464384K, 70% used [0x000000076b180000,0x000000077f127218,0x0000000787700000)
  from space 463360K, 0% used [0x00000007a3b80000,0x00000007a3b80000,0x00000007c0000000)
  to   space 463360K, 0% used [0x0000000787700000,0x0000000787700000,0x00000007a3b80000)
 ParOldGen       total 2782720K, used 2782677K [0x00000006c1400000, 0x000000076b180000, 0x000000076b180000)
  object space 2782720K, 99% used [0x00000006c1400000,0x000000076b175758,0x000000076b180000)
 Metaspace       used 9628K, capacity 9820K, committed 9984K, reserved 1058816K
  class space    used 1132K, capacity 1222K, committed 1280K, reserved 1048576K
}
Event: 38.837 GC heap before
{Heap before GC invocations=116 (full 10):
 PSYoungGen      total 927744K, used 464384K [0x000000076b180000, 0x00000007c0000000, 0x00000007c0000000)
  eden space 464384K, 100% used [0x000000076b180000,0x0000000787700000,0x0000000787700000)
  from space 463360K, 0% used [0x00000007a3b80000,0x00000007a3b80000,0x00000007c0000000)
  to   space 463360K, 0% used [0x0000000787700000,0x0000000787700000,0x00000007a3b80000)
 ParOldGen       total 2782720K, used 2782677K [0x00000006c1400000, 0x000000076b180000, 0x000000076b180000)
  object space 2782720K, 99% used [0x00000006c1400000,0x000000076b175758,0x000000076b180000)
 Metaspace       used 9628K, capacity 9820K, committed 9984K, reserved 1058816K
  class space    used 1132K, capacity 1222K, committed 1280K, reserved 1048576K
Event: 39.701 GC heap after
Heap after GC invocations=116 (full 10):
 PSYoungGen      total 927744K, used 361750K [0x000000076b180000, 0x00000007c0000000, 0x00000007c0000000)
  eden space 464384K, 77% used [0x000000076b180000,0x00000007812c58e0,0x0000000787700000)
  from space 463360K, 0% used [0x00000007a3b80000,0x00000007a3b80000,0x00000007c0000000)
  to   space 463360K, 0% used [0x0000000787700000,0x0000000787700000,0x00000007a3b80000)
 ParOldGen       total 2782720K, used 2782677K [0x00000006c1400000, 0x000000076b180000, 0x000000076b180000)
  object space 2782720K, 99% used [0x00000006c1400000,0x000000076b175758,0x000000076b180000)
 Metaspace       used 9628K, capacity 9820K, committed 9984K, reserved 1058816K
  class space    used 1132K, capacity 1222K, committed 1280K, reserved 1048576K
}
Event: 39.720 GC heap before
{Heap before GC invocations=117 (full 11):
 PSYoungGen      total 927744K, used 464384K [0x000000076b180000, 0x00000007c0000000, 0x00000007c0000000)
  eden space 464384K, 100% used [0x000000076b180000,0x0000000787700000,0x0000000787700000)
  from space 463360K, 0% used [0x00000007a3b80000,0x00000007a3b80000,0x00000007c0000000)
  to   space 463360K, 0% used [0x0000000787700000,0x0000000787700000,0x00000007a3b80000)
 ParOldGen       total 2782720K, used 2782677K [0x00000006c1400000, 0x000000076b180000, 0x000000076b180000)
  object space 2782720K, 99% used [0x00000006c1400000,0x000000076b175758,0x000000076b180000)
 Metaspace       used 9628K, capacity 9820K, committed 9984K, reserved 1058816K
  class space    used 1132K, capacity 1222K, committed 1280K, reserved 1048576K

