# JRE version: Java(TM) SE Runtime Environment (8.0_221-b11) (build 1.8.0_221-b11)
# Java VM: Java HotSpot(TM) 64-Bit Server VM (25.221-b11 mixed mode windows-amd64 compressed oops)
Heap:
 PSYoungGen      total 927744K, used 464384K [0x000000076b180000, 0x00000007c0000000, 0x00000007c0000000)
  eden space 464384K, 100% used [0x000000076b180000,0x0000000787700000,0x0000000787700000)
  from space 463360K, 0% used [0x0000000787700000,0x0000000787700000,0x00000007a3b80000)
  to   space 463360K, 0% used [0x00000007a3b80000,0x00000007a3b80000,0x00000007c0000000)
 ParOldGen       total 2782720K, used 2782543K [0x00000006c1400000, 0x000000076b180000, 0x000000076b180000)
  object space 2782720K, 99% used [0x00000006c1400000,0x000000076b153ea8,0x000000076b180000)
 Metaspace       used 9663K, capacity 9890K, committed 9984K, reserved 1058816K
  class space    used 1139K, capacity 1223K, committed 1280K, reserved 1048576K
GC Heap History (10 events):
Event: 65.082 GC heap after
Heap after GC invocations=71 (full 28):
 PSYoungGen      total 927744K, used 461950K [0x000000076b180000, 0x00000007c0000000, 0x00000007c0000000)
  eden space 464384K, 99% used [0x000000076b180000,0x000000078749fa40,0x0000000787700000)
  from space 463360K, 0% used [0x0000000787700000,0x0000000787700000,0x00000007a3b80000)
  to   space 463360K, 0% used [0x00000007a3b80000,0x00000007a3b80000,0x00000007c0000000)
 ParOldGen       total 2782720K, used 2782543K [0x00000006c1400000, 0x000000076b180000, 0x000000076b180000)
  object space 2782720K, 99% used [0x00000006c1400000,0x000000076b153ea8,0x000000076b180000)
 Metaspace       used 9663K, capacity 9890K, committed 9984K, reserved 1058816K
  class space    used 1139K, capacity 1223K, committed 1280K, reserved 1048576K
}
Event: 65.082 GC heap before
{Heap before GC invocations=72 (full 29):
 PSYoungGen      total 927744K, used 464384K [0x000000076b180000, 0x00000007c0000000, 0x00000007c0000000)
  eden space 464384K, 100% used [0x000000076b180000,0x0000000787700000,0x0000000787700000)
  from space 463360K, 0% used [0x0000000787700000,0x0000000787700000,0x00000007a3b80000)
  to   space 463360K, 0% used [0x00000007a3b80000,0x00000007a3b80000,0x00000007c0000000)
 ParOldGen       total 2782720K, used 2782543K [0x00000006c1400000, 0x000000076b180000, 0x000000076b180000)
  object space 2782720K, 99% used [0x00000006c1400000,0x000000076b153ea8,0x000000076b180000)
 Metaspace       used 9663K, capacity 9890K, committed 9984K, reserved 1058816K
  class space    used 1139K, capacity 1223K, committed 1280K, reserved 1048576K
Event: 65.939 GC heap after
Heap after GC invocations=72 (full 29):
 PSYoungGen      total 927744K, used 462543K [0x000000076b180000, 0x00000007c0000000, 0x00000007c0000000)
  eden space 464384K, 99% used [0x000000076b180000,0x0000000787533f08,0x0000000787700000)
  from space 463360K, 0% used [0x0000000787700000,0x0000000787700000,0x00000007a3b80000)
  to   space 463360K, 0% used [0x00000007a3b80000,0x00000007a3b80000,0x00000007c0000000)
 ParOldGen       total 2782720K, used 2782543K [0x00000006c1400000, 0x000000076b180000, 0x000000076b180000)
  object space 2782720K, 99% used [0x00000006c1400000,0x000000076b153ea8,0x000000076b180000)
 Metaspace       used 9663K, capacity 9890K, committed 9984K, reserved 1058816K
  class space    used 1139K, capacity 1223K, committed 1280K, reserved 1048576K
}
Event: 65.940 GC heap before
{Heap before GC invocations=73 (full 30):
 PSYoungGen      total 927744K, used 464384K [0x000000076b180000, 0x00000007c0000000, 0x00000007c0000000)
  eden space 464384K, 100% used [0x000000076b180000,0x0000000787700000,0x0000000787700000)
  from space 463360K, 0% used [0x0000000787700000,0x0000000787700000,0x00000007a3b80000)
  to   space 463360K, 0% used [0x00000007a3b80000,0x00000007a3b80000,0x00000007c0000000)
 ParOldGen       total 2782720K, used 2782543K [0x00000006c1400000, 0x000000076b180000, 0x000000076b180000)
  object space 2782720K, 99% used [0x00000006c1400000,0x000000076b153ea8,0x000000076b180000)
 Metaspace       used 9663K, capacity 9890K, committed 9984K, reserved 1058816K
  class space    used 1139K, capacity 1223K, committed 1280K, reserved 1048576K
Event: 66.791 GC heap after
Heap after GC invocations=73 (full 30):
 PSYoungGen      total 927744K, used 462980K [0x000000076b180000, 0x00000007c0000000, 0x00000007c0000000)
  eden space 464384K, 99% used [0x000000076b180000,0x00000007875a1270,0x0000000787700000)
  from space 463360K, 0% used [0x0000000787700000,0x0000000787700000,0x00000007a3b80000)
  to   space 463360K, 0% used [0x00000007a3b80000,0x00000007a3b80000,0x00000007c0000000)
 ParOldGen       total 2782720K, used 2782543K [0x00000006c1400000, 0x000000076b180000, 0x000000076b180000)
  object space 2782720K, 99% used [0x00000006c1400000,0x000000076b153ea8,0x000000076b180000)
 Metaspace       used 9663K, capacity 9890K, committed 9984K, reserved 1058816K
  class space    used 1139K, capacity 1223K, committed 1280K, reserved 1048576K
}
Event: 66.791 GC heap before
{Heap before GC invocations=74 (full 31):
 PSYoungGen      total 927744K, used 464384K [0x000000076b180000, 0x00000007c0000000, 0x00000007c0000000)
  eden space 464384K, 100% used [0x000000076b180000,0x0000000787700000,0x0000000787700000)
  from space 463360K, 0% used [0x0000000787700000,0x0000000787700000,0x00000007a3b80000)
  to   space 463360K, 0% used [0x00000007a3b80000,0x00000007a3b80000,0x00000007c0000000)
 ParOldGen       total 2782720K, used 2782543K [0x00000006c1400000, 0x000000076b180000, 0x000000076b180000)
  object space 2782720K, 99% used [0x00000006c1400000,0x000000076b153ea8,0x000000076b180000)
 Metaspace       used 9663K, capacity 9890K, committed 9984K, reserved 1058816K
  class space    used 1139K, capacity 1223K, committed 1280K, reserved 1048576K
Event: 67.653 GC heap after
Heap after GC invocations=74 (full 31):
 PSYoungGen      total 927744K, used 463322K [0x000000076b180000, 0x00000007c0000000, 0x00000007c0000000)
  eden space 464384K, 99% used [0x000000076b180000,0x00000007875f6a28,0x0000000787700000)
  from space 463360K, 0% used [0x0000000787700000,0x0000000787700000,0x00000007a3b80000)
  to   space 463360K, 0% used [0x00000007a3b80000,0x00000007a3b80000,0x00000007c0000000)
 ParOldGen       total 2782720K, used 2782543K [0x00000006c1400000, 0x000000076b180000, 0x000000076b180000)
  object space 2782720K, 99% used [0x00000006c1400000,0x000000076b153ea8,0x000000076b180000)
 Metaspace       used 9663K, capacity 9890K, committed 9984K, reserved 1058816K
  class space    used 1139K, capacity 1223K, committed 1280K, reserved 1048576K
}
Event: 67.653 GC heap before
{Heap before GC invocations=75 (full 32):
 PSYoungGen      total 927744K, used 464384K [0x000000076b180000, 0x00000007c0000000, 0x00000007c0000000)
  eden space 464384K, 100% used [0x000000076b180000,0x0000000787700000,0x0000000787700000)
  from space 463360K, 0% used [0x0000000787700000,0x0000000787700000,0x00000007a3b80000)
  to   space 463360K, 0% used [0x00000007a3b80000,0x00000007a3b80000,0x00000007c0000000)
 ParOldGen       total 2782720K, used 2782543K [0x00000006c1400000, 0x000000076b180000, 0x000000076b180000)
  object space 2782720K, 99% used [0x00000006c1400000,0x000000076b153ea8,0x000000076b180000)
 Metaspace       used 9663K, capacity 9890K, committed 9984K, reserved 1058816K
  class space    used 1139K, capacity 1223K, committed 1280K, reserved 1048576K
Event: 68.494 GC heap after
Heap after GC invocations=75 (full 32):
 PSYoungGen      total 927744K, used 463580K [0x000000076b180000, 0x00000007c0000000, 0x00000007c0000000)
  eden space 464384K, 99% used [0x000000076b180000,0x00000007876370c0,0x0000000787700000)
  from space 463360K, 0% used [0x0000000787700000,0x0000000787700000,0x00000007a3b80000)
  to   space 463360K, 0% used [0x00000007a3b80000,0x00000007a3b80000,0x00000007c0000000)
 ParOldGen       total 2782720K, used 2782543K [0x00000006c1400000, 0x000000076b180000, 0x000000076b180000)
  object space 2782720K, 99% used [0x00000006c1400000,0x000000076b153ea8,0x000000076b180000)
 Metaspace       used 9663K, capacity 9890K, committed 9984K, reserved 1058816K
  class space    used 1139K, capacity 1223K, committed 1280K, reserved 1048576K
}
Event: 68.495 GC heap before
{Heap before GC invocations=76 (full 33):
 PSYoungGen      total 927744K, used 464384K [0x000000076b180000, 0x00000007c0000000, 0x00000007c0000000)
  eden space 464384K, 100% used [0x000000076b180000,0x0000000787700000,0x0000000787700000)
  from space 463360K, 0% used [0x0000000787700000,0x0000000787700000,0x00000007a3b80000)
  to   space 463360K, 0% used [0x00000007a3b80000,0x00000007a3b80000,0x00000007c0000000)
 ParOldGen       total 2782720K, used 2782543K [0x00000006c1400000, 0x000000076b180000, 0x000000076b180000)
  object space 2782720K, 99% used [0x00000006c1400000,0x000000076b153ea8,0x000000076b180000)
 Metaspace       used 9663K, capacity 9890K, committed 9984K, reserved 1058816K
  class space    used 1139K, capacity 1223K, committed 1280K, reserved 1048576K

