# JRE version: Java(TM) SE Runtime Environment (8.0_221-b11) (build 1.8.0_221-b11)
# Java VM: Java HotSpot(TM) 64-Bit Server VM (25.221-b11 mixed mode windows-amd64 compressed oops)
Heap:
 PSYoungGen      total 606720K, used 606688K [0x000000076b180000, 0x00000007bf700000, 0x00000007c0000000)
  eden space 464384K, 100% used [0x000000076b180000,0x0000000787700000,0x0000000787700000)
  from space 142336K, 99% used [0x0000000787700000,0x00000007901f8000,0x0000000790200000)
  to   space 458752K, 41% used [0x00000007a3700000,0x00000007af310000,0x00000007bf700000)
 ParOldGen       total 2336256K, used 1662997K [0x00000006c1400000, 0x000000074fd80000, 0x000000076b180000)
  object space 2336256K, 71% used [0x00000006c1400000,0x0000000726c054b0,0x000000074fd80000)
 Metaspace       used 9601K, capacity 9820K, committed 9984K, reserved 1058816K
  class space    used 1132K, capacity 1222K, committed 1280K, reserved 1048576K
GC Heap History (10 events):
Event: 24.506 GC heap after
Heap after GC invocations=29 (full 5):
 PSYoungGen      total 885248K, used 130848K [0x000000076b180000, 0x00000007bd480000, 0x00000007c0000000)
  eden space 471040K, 0% used [0x000000076b180000,0x000000076b180000,0x0000000787d80000)
  from space 414208K, 31% used [0x00000007a4000000,0x00000007abfc8000,0x00000007bd480000)
  to   space 437760K, 0% used [0x0000000787d80000,0x0000000787d80000,0x00000007a2900000)
 ParOldGen       total 1745920K, used 1242525K [0x00000006c1400000, 0x000000072bd00000, 0x000000076b180000)
  object space 1745920K, 71% used [0x00000006c1400000,0x000000070d167608,0x000000072bd00000)
 Metaspace       used 9601K, capacity 9820K, committed 9984K, reserved 1058816K
  class space    used 1132K, capacity 1222K, committed 1280K, reserved 1048576K
}
Event: 24.644 GC heap before
{Heap before GC invocations=30 (full 5):
 PSYoungGen      total 885248K, used 601888K [0x000000076b180000, 0x00000007bd480000, 0x00000007c0000000)
  eden space 471040K, 100% used [0x000000076b180000,0x0000000787d80000,0x0000000787d80000)
  from space 414208K, 31% used [0x00000007a4000000,0x00000007abfc8000,0x00000007bd480000)
  to   space 437760K, 0% used [0x0000000787d80000,0x0000000787d80000,0x00000007a2900000)
 ParOldGen       total 1745920K, used 1242525K [0x00000006c1400000, 0x000000072bd00000, 0x000000076b180000)
  object space 1745920K, 71% used [0x00000006c1400000,0x000000070d167608,0x000000072bd00000)
 Metaspace       used 9601K, capacity 9820K, committed 9984K, reserved 1058816K
  class space    used 1132K, capacity 1222K, committed 1280K, reserved 1048576K
Event: 24.825 GC heap after
Heap after GC invocations=30 (full 5):
 PSYoungGen      total 908800K, used 412327K [0x000000076b180000, 0x00000007c0000000, 0x00000007c0000000)
  eden space 471040K, 0% used [0x000000076b180000,0x000000076b180000,0x0000000787d80000)
  from space 437760K, 94% used [0x0000000787d80000,0x00000007a1029f90,0x00000007a2900000)
  to   space 463360K, 0% used [0x00000007a3b80000,0x00000007a3b80000,0x00000007c0000000)
 ParOldGen       total 1745920K, used 1242525K [0x00000006c1400000, 0x000000072bd00000, 0x000000076b180000)
  object space 1745920K, 71% used [0x00000006c1400000,0x000000070d167608,0x000000072bd00000)
 Metaspace       used 9601K, capacity 9820K, committed 9984K, reserved 1058816K
  class space    used 1132K, capacity 1222K, committed 1280K, reserved 1048576K
}
Event: 24.969 GC heap before
{Heap before GC invocations=31 (full 5):
 PSYoungGen      total 908800K, used 883367K [0x000000076b180000, 0x00000007c0000000, 0x00000007c0000000)
  eden space 471040K, 100% used [0x000000076b180000,0x0000000787d80000,0x0000000787d80000)
  from space 437760K, 94% used [0x0000000787d80000,0x00000007a1029f90,0x00000007a2900000)
  to   space 463360K, 0% used [0x00000007a3b80000,0x00000007a3b80000,0x00000007c0000000)
 ParOldGen       total 1745920K, used 1242525K [0x00000006c1400000, 0x000000072bd00000, 0x000000076b180000)
  object space 1745920K, 71% used [0x00000006c1400000,0x000000070d167608,0x000000072bd00000)
 Metaspace       used 9601K, capacity 9820K, committed 9984K, reserved 1058816K
  class space    used 1132K, capacity 1222K, committed 1280K, reserved 1048576K
Event: 25.222 GC heap after
Heap after GC invocations=31 (full 5):
 PSYoungGen      total 927744K, used 144288K [0x000000076b180000, 0x00000007c0000000, 0x00000007c0000000)
  eden space 464384K, 0% used [0x000000076b180000,0x000000076b180000,0x0000000787700000)
  from space 463360K, 31% used [0x00000007a3b80000,0x00000007ac868000,0x00000007c0000000)
  to   space 463360K, 0% used [0x0000000787700000,0x0000000787700000,0x00000007a3b80000)
 ParOldGen       total 1745920K, used 1574809K [0x00000006c1400000, 0x000000072bd00000, 0x000000076b180000)
  object space 1745920K, 90% used [0x00000006c1400000,0x00000007215e65d0,0x000000072bd00000)
 Metaspace       used 9601K, capacity 9820K, committed 9984K, reserved 1058816K
  class space    used 1132K, capacity 1222K, committed 1280K, reserved 1048576K
}
Event: 25.222 GC heap before
{Heap before GC invocations=32 (full 6):
 PSYoungGen      total 927744K, used 144288K [0x000000076b180000, 0x00000007c0000000, 0x00000007c0000000)
  eden space 464384K, 0% used [0x000000076b180000,0x000000076b180000,0x0000000787700000)
  from space 463360K, 31% used [0x00000007a3b80000,0x00000007ac868000,0x00000007c0000000)
  to   space 463360K, 0% used [0x0000000787700000,0x0000000787700000,0x00000007a3b80000)
 ParOldGen       total 1745920K, used 1574809K [0x00000006c1400000, 0x000000072bd00000, 0x000000076b180000)
  object space 1745920K, 90% used [0x00000006c1400000,0x00000007215e65d0,0x000000072bd00000)
 Metaspace       used 9601K, capacity 9820K, committed 9984K, reserved 1058816K
  class space    used 1132K, capacity 1222K, committed 1280K, reserved 1048576K
Event: 28.946 GC heap after
Heap after GC invocations=32 (full 6):
 PSYoungGen      total 927744K, used 0K [0x000000076b180000, 0x00000007c0000000, 0x00000007c0000000)
  eden space 464384K, 0% used [0x000000076b180000,0x000000076b180000,0x0000000787700000)
  from space 463360K, 0% used [0x00000007a3b80000,0x00000007a3b80000,0x00000007c0000000)
  to   space 463360K, 0% used [0x0000000787700000,0x0000000787700000,0x00000007a3b80000)
 ParOldGen       total 2336256K, used 1662997K [0x00000006c1400000, 0x000000074fd80000, 0x000000076b180000)
  object space 2336256K, 71% used [0x00000006c1400000,0x0000000726c054b0,0x000000074fd80000)
 Metaspace       used 9601K, capacity 9820K, committed 9984K, reserved 1058816K
  class space    used 1132K, capacity 1222K, committed 1280K, reserved 1048576K
}
Event: 29.088 GC heap before
{Heap before GC invocations=33 (full 6):
 PSYoungGen      total 927744K, used 464384K [0x000000076b180000, 0x00000007c0000000, 0x00000007c0000000)
  eden space 464384K, 100% used [0x000000076b180000,0x0000000787700000,0x0000000787700000)
  from space 463360K, 0% used [0x00000007a3b80000,0x00000007a3b80000,0x00000007c0000000)
  to   space 463360K, 0% used [0x0000000787700000,0x0000000787700000,0x00000007a3b80000)
 ParOldGen       total 2336256K, used 1662997K [0x00000006c1400000, 0x000000074fd80000, 0x000000076b180000)
  object space 2336256K, 71% used [0x00000006c1400000,0x0000000726c054b0,0x000000074fd80000)
 Metaspace       used 9601K, capacity 9820K, committed 9984K, reserved 1058816K
  class space    used 1132K, capacity 1222K, committed 1280K, reserved 1048576K
Event: 29.379 GC heap after
Heap after GC invocations=33 (full 6):
 PSYoungGen      total 606720K, used 142304K [0x000000076b180000, 0x00000007bf700000, 0x00000007c0000000)
  eden space 464384K, 0% used [0x000000076b180000,0x000000076b180000,0x0000000787700000)
  from space 142336K, 99% used [0x0000000787700000,0x00000007901f8000,0x0000000790200000)
  to   space 458752K, 0% used [0x00000007a3700000,0x00000007a3700000,0x00000007bf700000)
 ParOldGen       total 2336256K, used 1662997K [0x00000006c1400000, 0x000000074fd80000, 0x000000076b180000)
  object space 2336256K, 71% used [0x00000006c1400000,0x0000000726c054b0,0x000000074fd80000)
 Metaspace       used 9601K, capacity 9820K, committed 9984K, reserved 1058816K
  class space    used 1132K, capacity 1222K, committed 1280K, reserved 1048576K
}
Event: 29.522 GC heap before
{Heap before GC invocations=34 (full 6):
 PSYoungGen      total 606720K, used 606688K [0x000000076b180000, 0x00000007bf700000, 0x00000007c0000000)
  eden space 464384K, 100% used [0x000000076b180000,0x0000000787700000,0x0000000787700000)
  from space 142336K, 99% used [0x0000000787700000,0x00000007901f8000,0x0000000790200000)
  to   space 458752K, 0% used [0x00000007a3700000,0x00000007a3700000,0x00000007bf700000)
 ParOldGen       total 2336256K, used 1662997K [0x00000006c1400000, 0x000000074fd80000, 0x000000076b180000)
  object space 2336256K, 71% used [0x00000006c1400000,0x0000000726c054b0,0x000000074fd80000)
 Metaspace       used 9601K, capacity 9820K, committed 9984K, reserved 1058816K
  class space    used 1132K, capacity 1222K, committed 1280K, reserved 1048576K

