# JRE version: Java(TM) SE Runtime Environment (8.0_221-b11) (build 1.8.0_221-b11)
# Java VM: Java HotSpot(TM) 64-Bit Server VM (25.221-b11 mixed mode windows-amd64 compressed oops)
Heap:
 PSYoungGen      total 889344K, used 471866K [0x000000076b180000, 0x00000007bda80000, 0x00000007c0000000)
  eden space 472064K, 99% used [0x000000076b180000,0x0000000787e4e9d0,0x0000000787e80000)
  from space 417280K, 0% used [0x00000007a4300000,0x00000007a4300000,0x00000007bda80000)
  to   space 440320K, 0% used [0x0000000787e80000,0x0000000787e80000,0x00000007a2c80000)
 ParOldGen       total 2782720K, used 2782708K [0x00000006c1400000, 0x000000076b180000, 0x000000076b180000)
  object space 2782720K, 99% used [0x00000006c1400000,0x000000076b17d328,0x000000076b180000)
 Metaspace       used 9637K, capacity 9826K, committed 9984K, reserved 1058816K
  class space    used 1139K, capacity 1223K, committed 1280K, reserved 1048576K
GC Heap History (10 events):
Event: 23.719 GC heap after
Heap after GC invocations=59 (full 23):
 PSYoungGen      total 889344K, used 464022K [0x000000076b180000, 0x00000007bda80000, 0x00000007c0000000)
  eden space 472064K, 98% used [0x000000076b180000,0x00000007876a5a68,0x0000000787e80000)
  from space 417280K, 0% used [0x00000007a4300000,0x00000007a4300000,0x00000007bda80000)
  to   space 440320K, 0% used [0x0000000787e80000,0x0000000787e80000,0x00000007a2c80000)
 ParOldGen       total 2782720K, used 2782708K [0x00000006c1400000, 0x000000076b180000, 0x000000076b180000)
  object space 2782720K, 99% used [0x00000006c1400000,0x000000076b17d328,0x000000076b180000)
 Metaspace       used 9637K, capacity 9826K, committed 9984K, reserved 1058816K
  class space    used 1139K, capacity 1223K, committed 1280K, reserved 1048576K
}
Event: 23.720 GC heap before
{Heap before GC invocations=60 (full 24):
 PSYoungGen      total 889344K, used 471461K [0x000000076b180000, 0x00000007bda80000, 0x00000007c0000000)
  eden space 472064K, 99% used [0x000000076b180000,0x0000000787de9680,0x0000000787e80000)
  from space 417280K, 0% used [0x00000007a4300000,0x00000007a4300000,0x00000007bda80000)
  to   space 440320K, 0% used [0x0000000787e80000,0x0000000787e80000,0x00000007a2c80000)
 ParOldGen       total 2782720K, used 2782708K [0x00000006c1400000, 0x000000076b180000, 0x000000076b180000)
  object space 2782720K, 99% used [0x00000006c1400000,0x000000076b17d328,0x000000076b180000)
 Metaspace       used 9637K, capacity 9826K, committed 9984K, reserved 1058816K
  class space    used 1139K, capacity 1223K, committed 1280K, reserved 1048576K
Event: 23.929 GC heap after
Heap after GC invocations=60 (full 24):
 PSYoungGen      total 889344K, used 465850K [0x000000076b180000, 0x00000007bda80000, 0x00000007c0000000)
  eden space 472064K, 98% used [0x000000076b180000,0x000000078786e8a0,0x0000000787e80000)
  from space 417280K, 0% used [0x00000007a4300000,0x00000007a4300000,0x00000007bda80000)
  to   space 440320K, 0% used [0x0000000787e80000,0x0000000787e80000,0x00000007a2c80000)
 ParOldGen       total 2782720K, used 2782708K [0x00000006c1400000, 0x000000076b180000, 0x000000076b180000)
  object space 2782720K, 99% used [0x00000006c1400000,0x000000076b17d328,0x000000076b180000)
 Metaspace       used 9637K, capacity 9826K, committed 9984K, reserved 1058816K
  class space    used 1139K, capacity 1223K, committed 1280K, reserved 1048576K
}
Event: 23.930 GC heap before
{Heap before GC invocations=61 (full 25):
 PSYoungGen      total 889344K, used 472064K [0x000000076b180000, 0x00000007bda80000, 0x00000007c0000000)
  eden space 472064K, 100% used [0x000000076b180000,0x0000000787e80000,0x0000000787e80000)
  from space 417280K, 0% used [0x00000007a4300000,0x00000007a4300000,0x00000007bda80000)
  to   space 440320K, 0% used [0x0000000787e80000,0x0000000787e80000,0x00000007a2c80000)
 ParOldGen       total 2782720K, used 2782708K [0x00000006c1400000, 0x000000076b180000, 0x000000076b180000)
  object space 2782720K, 99% used [0x00000006c1400000,0x000000076b17d328,0x000000076b180000)
 Metaspace       used 9637K, capacity 9826K, committed 9984K, reserved 1058816K
  class space    used 1139K, capacity 1223K, committed 1280K, reserved 1048576K
Event: 24.143 GC heap after
Heap after GC invocations=61 (full 25):
 PSYoungGen      total 889344K, used 467312K [0x000000076b180000, 0x00000007bda80000, 0x00000007c0000000)
  eden space 472064K, 98% used [0x000000076b180000,0x00000007879dc260,0x0000000787e80000)
  from space 417280K, 0% used [0x00000007a4300000,0x00000007a4300000,0x00000007bda80000)
  to   space 440320K, 0% used [0x0000000787e80000,0x0000000787e80000,0x00000007a2c80000)
 ParOldGen       total 2782720K, used 2782708K [0x00000006c1400000, 0x000000076b180000, 0x000000076b180000)
  object space 2782720K, 99% used [0x00000006c1400000,0x000000076b17d328,0x000000076b180000)
 Metaspace       used 9637K, capacity 9826K, committed 9984K, reserved 1058816K
  class space    used 1139K, capacity 1223K, committed 1280K, reserved 1048576K
}
Event: 24.143 GC heap before
{Heap before GC invocations=62 (full 26):
 PSYoungGen      total 889344K, used 471986K [0x000000076b180000, 0x00000007bda80000, 0x00000007c0000000)
  eden space 472064K, 99% used [0x000000076b180000,0x0000000787e6c818,0x0000000787e80000)
  from space 417280K, 0% used [0x00000007a4300000,0x00000007a4300000,0x00000007bda80000)
  to   space 440320K, 0% used [0x0000000787e80000,0x0000000787e80000,0x00000007a2c80000)
 ParOldGen       total 2782720K, used 2782708K [0x00000006c1400000, 0x000000076b180000, 0x000000076b180000)
  object space 2782720K, 99% used [0x00000006c1400000,0x000000076b17d328,0x000000076b180000)
 Metaspace       used 9637K, capacity 9826K, committed 9984K, reserved 1058816K
  class space    used 1139K, capacity 1223K, committed 1280K, reserved 1048576K
Event: 24.346 GC heap after
Heap after GC invocations=62 (full 26):
 PSYoungGen      total 889344K, used 468409K [0x000000076b180000, 0x00000007bda80000, 0x00000007c0000000)
  eden space 472064K, 99% used [0x000000076b180000,0x0000000787aee6a0,0x0000000787e80000)
  from space 417280K, 0% used [0x00000007a4300000,0x00000007a4300000,0x00000007bda80000)
  to   space 440320K, 0% used [0x0000000787e80000,0x0000000787e80000,0x00000007a2c80000)
 ParOldGen       total 2782720K, used 2782708K [0x00000006c1400000, 0x000000076b180000, 0x000000076b180000)
  object space 2782720K, 99% used [0x00000006c1400000,0x000000076b17d328,0x000000076b180000)
 Metaspace       used 9637K, capacity 9826K, committed 9984K, reserved 1058816K
  class space    used 1139K, capacity 1223K, committed 1280K, reserved 1048576K
}
Event: 24.346 GC heap before
{Heap before GC invocations=63 (full 27):
 PSYoungGen      total 889344K, used 471555K [0x000000076b180000, 0x00000007bda80000, 0x00000007c0000000)
  eden space 472064K, 99% used [0x000000076b180000,0x0000000787e00e90,0x0000000787e80000)
  from space 417280K, 0% used [0x00000007a4300000,0x00000007a4300000,0x00000007bda80000)
  to   space 440320K, 0% used [0x0000000787e80000,0x0000000787e80000,0x00000007a2c80000)
 ParOldGen       total 2782720K, used 2782708K [0x00000006c1400000, 0x000000076b180000, 0x000000076b180000)
  object space 2782720K, 99% used [0x00000006c1400000,0x000000076b17d328,0x000000076b180000)
 Metaspace       used 9637K, capacity 9826K, committed 9984K, reserved 1058816K
  class space    used 1139K, capacity 1223K, committed 1280K, reserved 1048576K
Event: 24.553 GC heap after
Heap after GC invocations=63 (full 27):
 PSYoungGen      total 889344K, used 469141K [0x000000076b180000, 0x00000007bda80000, 0x00000007c0000000)
  eden space 472064K, 99% used [0x000000076b180000,0x0000000787ba5480,0x0000000787e80000)
  from space 417280K, 0% used [0x00000007a4300000,0x00000007a4300000,0x00000007bda80000)
  to   space 440320K, 0% used [0x0000000787e80000,0x0000000787e80000,0x00000007a2c80000)
 ParOldGen       total 2782720K, used 2782708K [0x00000006c1400000, 0x000000076b180000, 0x000000076b180000)
  object space 2782720K, 99% used [0x00000006c1400000,0x000000076b17d328,0x000000076b180000)
 Metaspace       used 9637K, capacity 9826K, committed 9984K, reserved 1058816K
  class space    used 1139K, capacity 1223K, committed 1280K, reserved 1048576K
}
Event: 24.553 GC heap before
{Heap before GC invocations=64 (full 28):
 PSYoungGen      total 889344K, used 471866K [0x000000076b180000, 0x00000007bda80000, 0x00000007c0000000)
  eden space 472064K, 99% used [0x000000076b180000,0x0000000787e4e9d0,0x0000000787e80000)
  from space 417280K, 0% used [0x00000007a4300000,0x00000007a4300000,0x00000007bda80000)
  to   space 440320K, 0% used [0x0000000787e80000,0x0000000787e80000,0x00000007a2c80000)
 ParOldGen       total 2782720K, used 2782708K [0x00000006c1400000, 0x000000076b180000, 0x000000076b180000)
  object space 2782720K, 99% used [0x00000006c1400000,0x000000076b17d328,0x000000076b180000)
 Metaspace       used 9637K, capacity 9826K, committed 9984K, reserved 1058816K
  class space    used 1139K, capacity 1223K, committed 1280K, reserved 1048576K

